0 info it worked if it ends with ok
1 verbose cli [ 'C:\\nodejs\\node.exe',
1 verbose cli   'C:\\nodejs\\node_modules\\npm\\bin\\npm-cli.js',
1 verbose cli   'start' ]
2 info using npm@3.10.10
3 info using node@v6.9.5
4 verbose run-script [ 'prestart', 'start', 'poststart' ]
5 info lifecycle myapp@0.0.0~prestart: myapp@0.0.0
6 silly lifecycle myapp@0.0.0~prestart: no script for prestart, continuing
7 info lifecycle myapp@0.0.0~start: myapp@0.0.0
8 verbose lifecycle myapp@0.0.0~start: unsafe-perm in lifecycle true
9 verbose lifecycle myapp@0.0.0~start: PATH: C:\nodejs\node_modules\npm\bin\node-gyp-bin;C:\Users\kiki1988arg\Desktop\istea\myapp\node_modules\.bin;C:\Program Files (x86)\Razer Chroma SDK\bin;C:\Program Files\Razer Chroma SDK\bin;C:\Program Files (x86)\Google\Chrome\Application;c:\windows;c:\windows\system32;c:\windows\system32\wbem ;C:\Program Files (x86)\Skype\Phone\;C:\wamp\bin\php\php5.5.12;C:\ProgramData\ComposerSetup\bin;C:\Program Files (x86)\Microsoft SQL Server\Client SDK\ODBC\130\Tools\Binn\;C:\Program Files (x86)\Microsoft SQL Server\130\Tools\Binn\;C:\Program Files (x86)\Microsoft SQL Server\130\DTS\Binn\;C:\Program Files (x86)\Microsoft SQL Server\130\Tools\Binn\ManagementStudio\;C:\Program Files\Microsoft SQL Server\Client SDK\ODBC\110\Tools\Binn\;C:\Program Files (x86)\Microsoft SQL Server\120\Tools\Binn\;C:\Program Files\Microsoft SQL Server\120\Tools\Binn\;C:\Program Files\Microsoft SQL Server\120\DTS\Binn\;C:\Program Files (x86)\Microsoft Team Foundation Server 2015 Power Tools\;C:\Program Files\Microsoft SQL Server\130\Tools\Binn\;C:\Users\kiki1988arg\AppData\Roaming\Composer\vendor\bin;C:\Users\kiki1988arg\AppData\Roaming\npm;C:\nodejs\;C:\Program Files\Git\cmd;C:\Users\kiki1988arg\AppData\Roaming\Composer\vendor\bin;C:\Users\kiki1988arg\AppData\Roaming\npm;C:\Program Files (x86)\Microsoft VS Code\bin;C:\Program Files\Heroku\bin
10 verbose lifecycle myapp@0.0.0~start: CWD: C:\Users\kiki1988arg\Desktop\istea\myapp
11 silly lifecycle myapp@0.0.0~start: Args: [ '/d /s /c', 'node ./bin/www' ]
12 silly lifecycle myapp@0.0.0~start: Returned: code: 3221225786  signal: null
13 info lifecycle myapp@0.0.0~start: Failed to exec start script
14 verbose stack Error: myapp@0.0.0 start: `node ./bin/www`
14 verbose stack Exit status 3221225786
14 verbose stack     at EventEmitter.<anonymous> (C:\nodejs\node_modules\npm\lib\utils\lifecycle.js:255:16)
14 verbose stack     at emitTwo (events.js:106:13)
14 verbose stack     at EventEmitter.emit (events.js:191:7)
14 verbose stack     at ChildProcess.<anonymous> (C:\nodejs\node_modules\npm\lib\utils\spawn.js:40:14)
14 verbose stack     at emitTwo (events.js:106:13)
14 verbose stack     at ChildProcess.emit (events.js:191:7)
14 verbose stack     at maybeClose (internal/child_process.js:877:16)
14 verbose stack     at Process.ChildProcess._handle.onexit (internal/child_process.js:226:5)
15 verbose pkgid myapp@0.0.0
16 verbose cwd C:\Users\kiki1988arg\Desktop\istea\myapp
17 error Windows_NT 6.1.7601
18 error argv "C:\\nodejs\\node.exe" "C:\\nodejs\\node_modules\\npm\\bin\\npm-cli.js" "start"
19 error node v6.9.5
20 error npm  v3.10.10
21 error code ELIFECYCLE
22 error myapp@0.0.0 start: `node ./bin/www`
22 error Exit status 3221225786
23 error Failed at the myapp@0.0.0 start script 'node ./bin/www'.
23 error Make sure you have the latest version of node.js and npm installed.
23 error If you do, this is most likely a problem with the myapp package,
23 error not with npm itself.
23 error Tell the author that this fails on your system:
23 error     node ./bin/www
23 error You can get information on how to open an issue for this project with:
23 error     npm bugs myapp
23 error Or if that isn't available, you can get their info via:
23 error     npm owner ls myapp
23 error There is likely additional logging output above.
24 verbose exit [ 1, true ]
